Nameserver sconosciuto: hextra.cloud (dominio: www.studioproment.it)
  Reverse DNS: Non disponibile
  WHOIS Provider: Sconosciuto
Nameserver sconosciuto: hextra.cloud (dominio: www.studioproment.it)
  Reverse DNS: Non disponibile
  WHOIS Provider: Sconosciuto
Nameserver sconosciuto: hextra.cloud (dominio: www.studioproment.it)
  Reverse DNS: Non disponibile
  WHOIS Provider: Sconosciuto
Nameserver sconosciuto: hextra.cloud (dominio: www.studioproment.it)
  Reverse DNS: Non disponibile
  WHOIS Provider: Sconosciuto
Nameserver sconosciuto: hextra.cloud (dominio: www.studioproment.it)
  Reverse DNS: Non disponibile
  WHOIS Provider: Sconosciuto
Nameserver sconosciuto: hextra.cloud (dominio: www.studioproment.it)
  Reverse DNS: Non disponibile
  WHOIS Provider: Sconosciuto
Nameserver sconosciuto: hextra.cloud (dominio: www.studioproment.it)
  Reverse DNS: Non disponibile
  WHOIS Provider: Sconosciuto
Nameserver sconosciuto: hextra.cloud (dominio: www.studioproment.it)
  Reverse DNS: Non disponibile
  WHOIS Provider: Sconosciuto
Nameserver sconosciuto: hextra.cloud (dominio: www.studioproment.it)
  Reverse DNS: Non disponibile
  WHOIS Provider: Sconosciuto
Nameserver sconosciuto: hextra.cloud (dominio: www.studioproment.it)
  Reverse DNS: Non disponibile
  WHOIS Provider: Sconosciuto
Nameserver sconosciuto: hextra.cloud (dominio: www.studioproment.it)
  Reverse DNS: Non disponibile
  WHOIS Provider: Sconosciuto
Nameserver sconosciuto: hextra.cloud (dominio: www.studioproment.it)
  Reverse DNS: Non disponibile
  WHOIS Provider: Sconosciuto
Nameserver sconosciuto: hostingsolutions.cz (dominio: bbczcommercialisti.it)
  Reverse DNS: Non disponibile
  WHOIS Provider: Sconosciuto
Nameserver sconosciuto: Amazon Web Services (dominio: www.demichelisliguori.it)
  Reverse DNS: Non disponibile
  WHOIS Provider: Amazon Web Services
Nameserver sconosciuto: Amazon Web Services (dominio: www.paginegialle.it)
  Reverse DNS: Non disponibile
  WHOIS Provider: Amazon Web Services
Nameserver sconosciuto: Amazon Web Services (dominio: www.studioassociato.tax)
  Reverse DNS: Non disponibile
  WHOIS Provider: Amazon Web Services
Nameserver sconosciuto: Amazon Web Services (dominio: www.studioavanzato.it)
  Reverse DNS: Non disponibile
  WHOIS Provider: Amazon Web Services
Nameserver sconosciuto: parkingcrew.net (dominio: dentamaro.it)
  Reverse DNS: Non disponibile
  WHOIS Provider: Amazon Web Services
Nameserver sconosciuto: ancara.net (dominio: studiomalchiodi.it)
  Reverse DNS: Non disponibile
  WHOIS Provider: Sconosciuto
Nameserver sconosciuto: ancara.net (dominio: studiomalchiodi.it)
  Reverse DNS: Non disponibile
  WHOIS Provider: Sconosciuto
Nameserver sconosciuto: ancara.net (dominio: studiomalchiodi.it)
  Reverse DNS: Non disponibile
  WHOIS Provider: Sconosciuto
Nameserver sconosciuto: ancara.net (dominio: studiomalchiodi.it)
  Reverse DNS: Non disponibile
  WHOIS Provider: Sconosciuto
Nameserver sconosciuto: ancara.net (dominio: studiomalchiodi.it)
  Reverse DNS: Non disponibile
  WHOIS Provider: Sconosciuto
Nameserver sconosciuto: ancara.net (dominio: studiomalchiodi.it)
  Reverse DNS: Non disponibile
  WHOIS Provider: Sconosciuto
Nameserver sconosciuto: registrazionedeidomini.it (dominio: studiogusberti.it)
  Reverse DNS: Non disponibile
  WHOIS Provider: Sconosciuto
Nameserver sconosciuto: registrazionedeidomini.it (dominio: studiogusberti.it)
  Reverse DNS: Non disponibile
  WHOIS Provider: Sconosciuto
Nameserver sconosciuto: virtualsolution.net (dominio: studiocbb.com)
  Reverse DNS: Non disponibile
  WHOIS Provider: Sconosciuto
Nameserver sconosciuto: virtualsolution.net (dominio: studiocbb.com)
  Reverse DNS: Non disponibile
  WHOIS Provider: Sconosciuto
Nameserver sconosciuto: virtualsolution.net (dominio: studiocbb.com)
  Reverse DNS: Non disponibile
  WHOIS Provider: Sconosciuto
Nameserver sconosciuto: virtualsolution.net (dominio: studiocbb.com)
  Reverse DNS: Non disponibile
  WHOIS Provider: Sconosciuto
Nameserver sconosciuto: virtualsolution.net (dominio: studiocbb.com)
  Reverse DNS: Non disponibile
  WHOIS Provider: Sconosciuto
Nameserver sconosciuto: virtualsolution.net (dominio: studiocbb.com)
  Reverse DNS: Non disponibile
  WHOIS Provider: Sconosciuto
Nameserver sconosciuto: Amazon Web Services (dominio: www.paginegialle.it)
  Reverse DNS: Non disponibile
  WHOIS Provider: Amazon Web Services
Nameserver sconosciuto: Amazon Web Services (dominio: www.bizzarritravagli.com)
  Reverse DNS: Non disponibile
  WHOIS Provider: Amazon Web Services
Nameserver sconosciuto: Amazon Web Services (dominio: www.zanibonistudio.it)
  Reverse DNS: Non disponibile
  WHOIS Provider: Amazon Web Services
Nameserver sconosciuto: cline.it (dominio: studiopalombirizza.it)
  Reverse DNS: Non disponibile
  WHOIS Provider: Sconosciuto
Nameserver sconosciuto: cline.it (dominio: studiopalombirizza.it)
  Reverse DNS: Non disponibile
  WHOIS Provider: Sconosciuto
Nameserver sconosciuto: cline.it (dominio: studiopalombirizza.it)
  Reverse DNS: Non disponibile
  WHOIS Provider: Sconosciuto
Nameserver sconosciuto: cline.it (dominio: studiopalombirizza.it)
  Reverse DNS: Non disponibile
  WHOIS Provider: Sconosciuto
Nameserver sconosciuto: cline.it (dominio: studiopalombirizza.it)
  Reverse DNS: Non disponibile
  WHOIS Provider: Sconosciuto
Nameserver sconosciuto: cline.it (dominio: studiopalombirizza.it)
  Reverse DNS: Non disponibile
  WHOIS Provider: Sconosciuto
